20130527 14:00:03.821 ERR - set_rlimit(260): setrlimit() failed. error(1): Operation not permitted
20130527 14:00:03.821 INF - set_rlimit(263): getrlimit() 4096 1024 10000
20130527 14:00:03.825 INF - main(869): global.proc_num: 1
20130527 14:00:03.828 INF - business_worker(775): malloc(87130000) memory for 10000 connections
20130527 14:00:03.829 INF - business_worker(794): 0.0.0.0:7000 is listening...
20130527 14:00:36.469 INF - is_complete_http_header(495): 
GET /all_task HTTP/1.1
Host:www.linkedshell.com:7000
Connection:keep-alive
Accept:text/html,application/xhtml+xml,application/xml;q=0.9,*/*;q=0.8
User-Agent:Mozilla/5.0 (Windows NT 5.1) AppleWebKit/537.31 (KHTML, like Gecko) Chrome/26.0.1410.64 Safari/537.31
Accept-Encoding:gzip,deflate,sdch
Accept-Language:zh-CN,zh;q=0.8
Accept-Charset:GBK,utf-8;q=0.7,*;q=0.3
Cookie:csrftoken=DJDjWqG3GgHiGs1rZb76isaHXAEauIlZ


20130527 14:00:36.470 INF - is_complete_http_header(510): 
{
	"method":	"GET",
	"cmd":	"/all_task",
	"version":	"HTTP/1.1",
	"first_line":	"GET /all_task HTTP/1.1",
	"Host":	"www.linkedshell.com:7000",
	"Connection":	"keep-alive",
	"Accept":	"text/html,application/xhtml+xml,application/xml;q=0.9,*/*;q=0.8",
	"User-Agent":	"Mozilla/5.0 (Windows NT 5.1) AppleWebKit/537.31 (KHTML, like Gecko) Chrome/26.0.1410.64 Safari/537.31",
	"Accept-Encoding":	"gzip,deflate,sdch",
	"Accept-Language":	"zh-CN,zh;q=0.8",
	"Accept-Charset":	"GBK,utf-8;q=0.7,*;q=0.3",
	"Cookie":	"csrftoken=DJDjWqG3GgHiGs1rZb76isaHXAEauIlZ",
	"header-length":	432
}
20130527 14:00:36.470 INF - do_client_send_header(704): 20130527 14:00:36.470+0, http header is sent
20130527 14:00:36.471 INF - do_client_send_body(656): 20130527 14:00:36.470+1, http body is sent
20130527 14:00:36.507 INF - is_complete_http_header(495): 
GET /favicon.ico HTTP/1.1
Host:www.linkedshell.com:7000
Connection:keep-alive
Accept:*/*
User-Agent:Mozilla/5.0 (Windows NT 5.1) AppleWebKit/537.31 (KHTML, like Gecko) Chrome/26.0.1410.64 Safari/537.31
Accept-Encoding:gzip,deflate,sdch
Accept-Language:zh-CN,zh;q=0.8
Accept-Charset:GBK,utf-8;q=0.7,*;q=0.3


20130527 14:00:36.507 INF - is_complete_http_header(510): 
{
	"method":	"GET",
	"cmd":	"/favicon.ico",
	"version":	"HTTP/1.1",
	"first_line":	"GET /favicon.ico HTTP/1.1",
	"Host":	"www.linkedshell.com:7000",
	"Connection":	"keep-alive",
	"Accept":	"*/*",
	"User-Agent":	"Mozilla/5.0 (Windows NT 5.1) AppleWebKit/537.31 (KHTML, like Gecko) Chrome/26.0.1410.64 Safari/537.31",
	"Accept-Encoding":	"gzip,deflate,sdch",
	"Accept-Language":	"zh-CN,zh;q=0.8",
	"Accept-Charset":	"GBK,utf-8;q=0.7,*;q=0.3",
	"header-length":	323
}
20130527 14:00:36.508 INF - do_client_send_header(704): 20130527 14:00:36.507+1, http header is sent
20130527 14:00:36.508 INF - do_client_send_body(656): 20130527 14:00:36.507+1, http body is sent
20130527 14:00:39.669 INF - is_complete_http_header(495): 
GET /favicon.ico HTTP/1.1
Host:www.linkedshell.com:7000
Connection:keep-alive
Accept:*/*
User-Agent:Mozilla/5.0 (Windows NT 5.1) AppleWebKit/537.31 (KHTML, like Gecko) Chrome/26.0.1410.64 Safari/537.31
Accept-Encoding:gzip,deflate,sdch
Accept-Language:zh-CN,zh;q=0.8
Accept-Charset:GBK,utf-8;q=0.7,*;q=0.3


20130527 14:00:39.669 INF - is_complete_http_header(510): 
{
	"method":	"GET",
	"cmd":	"/favicon.ico",
	"version":	"HTTP/1.1",
	"first_line":	"GET /favicon.ico HTTP/1.1",
	"Host":	"www.linkedshell.com:7000",
	"Connection":	"keep-alive",
	"Accept":	"*/*",
	"User-Agent":	"Mozilla/5.0 (Windows NT 5.1) AppleWebKit/537.31 (KHTML, like Gecko) Chrome/26.0.1410.64 Safari/537.31",
	"Accept-Encoding":	"gzip,deflate,sdch",
	"Accept-Language":	"zh-CN,zh;q=0.8",
	"Accept-Charset":	"GBK,utf-8;q=0.7,*;q=0.3",
	"header-length":	323
}
20130527 14:00:39.669 INF - do_client_send_header(704): 20130527 14:00:39.669+0, http header is sent
20130527 14:00:39.669 INF - do_client_send_body(656): 20130527 14:00:39.669+0, http body is sent
20130527 14:03:20.834 ERR - set_rlimit(260): setrlimit() failed. error(1): Operation not permitted
20130527 14:03:20.834 INF - set_rlimit(263): getrlimit() 4096 1024 10000
20130527 14:03:20.836 INF - main(869): global.proc_num: 1
20130527 14:03:20.839 INF - business_worker(775): malloc(87130000) memory for 10000 connections
20130527 14:03:20.839 INF - business_worker(794): 0.0.0.0:7000 is listening...
20130527 14:03:36.529 INF - is_complete_http_header(495): 
GET /all_task HTTP/1.1
Host:www.linkedshell.com:7000
Connection:keep-alive
Cache-Control:no-cache
Accept:text/html,application/xhtml+xml,application/xml;q=0.9,*/*;q=0.8
Pragma:no-cache
User-Agent:Mozilla/5.0 (Windows NT 5.1) AppleWebKit/537.31 (KHTML, like Gecko) Chrome/26.0.1410.64 Safari/537.31
Accept-Encoding:gzip,deflate,sdch
Accept-Language:zh-CN,zh;q=0.8
Accept-Charset:GBK,utf-8;q=0.7,*;q=0.3
Cookie:csrftoken=DJDjWqG3GgHiGs1rZb76isaHXAEauIlZ


20130527 14:03:36.530 INF - is_complete_http_header(510): 
{
	"method":	"GET",
	"cmd":	"/all_task",
	"version":	"HTTP/1.1",
	"first_line":	"GET /all_task HTTP/1.1",
	"Host":	"www.linkedshell.com:7000",
	"Connection":	"keep-alive",
	"Cache-Control":	"no-cache",
	"Accept":	"text/html,application/xhtml+xml,application/xml;q=0.9,*/*;q=0.8",
	"Pragma":	"no-cache",
	"User-Agent":	"Mozilla/5.0 (Windows NT 5.1) AppleWebKit/537.31 (KHTML, like Gecko) Chrome/26.0.1410.64 Safari/537.31",
	"Accept-Encoding":	"gzip,deflate,sdch",
	"Accept-Language":	"zh-CN,zh;q=0.8",
	"Accept-Charset":	"GBK,utf-8;q=0.7,*;q=0.3",
	"Cookie":	"csrftoken=DJDjWqG3GgHiGs1rZb76isaHXAEauIlZ",
	"header-length":	475
}
20130527 14:03:36.530 INF - do_client_send_header(704): 20130527 14:03:36.530+0, http header is sent
20130527 14:03:36.530 INF - do_client_send_body(656): 20130527 14:03:36.530+0, http body is sent
20130527 14:03:36.552 INF - is_complete_http_header(495): 
GET /favicon.ico HTTP/1.1
Host:www.linkedshell.com:7000
Connection:keep-alive
Accept:*/*
User-Agent:Mozilla/5.0 (Windows NT 5.1) AppleWebKit/537.31 (KHTML, like Gecko) Chrome/26.0.1410.64 Safari/537.31
Accept-Encoding:gzip,deflate,sdch
Accept-Language:zh-CN,zh;q=0.8
Accept-Charset:GBK,utf-8;q=0.7,*;q=0.3


20130527 14:03:36.552 INF - is_complete_http_header(510): 
{
	"method":	"GET",
	"cmd":	"/favicon.ico",
	"version":	"HTTP/1.1",
	"first_line":	"GET /favicon.ico HTTP/1.1",
	"Host":	"www.linkedshell.com:7000",
	"Connection":	"keep-alive",
	"Accept":	"*/*",
	"User-Agent":	"Mozilla/5.0 (Windows NT 5.1) AppleWebKit/537.31 (KHTML, like Gecko) Chrome/26.0.1410.64 Safari/537.31",
	"Accept-Encoding":	"gzip,deflate,sdch",
	"Accept-Language":	"zh-CN,zh;q=0.8",
	"Accept-Charset":	"GBK,utf-8;q=0.7,*;q=0.3",
	"header-length":	323
}
20130527 14:03:36.553 INF - do_client_send_header(704): 20130527 14:03:36.552+1, http header is sent
20130527 14:03:36.553 INF - do_client_send_body(656): 20130527 14:03:36.552+1, http body is sent
20130527 14:04:29.743 ERR - business_worker(822): epoll_wait(10000) failed. error(4): Interrupted system call
20130527 14:04:32.094 INF - is_complete_http_header(495): 
GET /all_task HTTP/1.1
Host:www.linkedshell.com:7000
Connection:keep-alive
Cache-Control:no-cache
Accept:text/html,application/xhtml+xml,application/xml;q=0.9,*/*;q=0.8
Pragma:no-cache
User-Agent:Mozilla/5.0 (Windows NT 5.1) AppleWebKit/537.31 (KHTML, like Gecko) Chrome/26.0.1410.64 Safari/537.31
Accept-Encoding:gzip,deflate,sdch
Accept-Language:zh-CN,zh;q=0.8
Accept-Charset:GBK,utf-8;q=0.7,*;q=0.3
Cookie:csrftoken=DJDjWqG3GgHiGs1rZb76isaHXAEauIlZ


20130527 14:04:32.094 INF - is_complete_http_header(510): 
{
	"method":	"GET",
	"cmd":	"/all_task",
	"version":	"HTTP/1.1",
	"first_line":	"GET /all_task HTTP/1.1",
	"Host":	"www.linkedshell.com:7000",
	"Connection":	"keep-alive",
	"Cache-Control":	"no-cache",
	"Accept":	"text/html,application/xhtml+xml,application/xml;q=0.9,*/*;q=0.8",
	"Pragma":	"no-cache",
	"User-Agent":	"Mozilla/5.0 (Windows NT 5.1) AppleWebKit/537.31 (KHTML, like Gecko) Chrome/26.0.1410.64 Safari/537.31",
	"Accept-Encoding":	"gzip,deflate,sdch",
	"Accept-Language":	"zh-CN,zh;q=0.8",
	"Accept-Charset":	"GBK,utf-8;q=0.7,*;q=0.3",
	"Cookie":	"csrftoken=DJDjWqG3GgHiGs1rZb76isaHXAEauIlZ",
	"header-length":	475
}
20130527 14:04:32.094 INF - do_client_send_header(704): 20130527 14:04:32.094+0, http header is sent
20130527 14:04:32.095 INF - do_client_send_body(656): 20130527 14:04:32.094+1, http body is sent
20130527 14:04:32.120 INF - is_complete_http_header(495): 
GET /favicon.ico HTTP/1.1
Host:www.linkedshell.com:7000
Connection:keep-alive
Accept:*/*
User-Agent:Mozilla/5.0 (Windows NT 5.1) AppleWebKit/537.31 (KHTML, like Gecko) Chrome/26.0.1410.64 Safari/537.31
Accept-Encoding:gzip,deflate,sdch
Accept-Language:zh-CN,zh;q=0.8
Accept-Charset:GBK,utf-8;q=0.7,*;q=0.3


20130527 14:04:32.120 INF - is_complete_http_header(510): 
{
	"method":	"GET",
	"cmd":	"/favicon.ico",
	"version":	"HTTP/1.1",
	"first_line":	"GET /favicon.ico HTTP/1.1",
	"Host":	"www.linkedshell.com:7000",
	"Connection":	"keep-alive",
	"Accept":	"*/*",
	"User-Agent":	"Mozilla/5.0 (Windows NT 5.1) AppleWebKit/537.31 (KHTML, like Gecko) Chrome/26.0.1410.64 Safari/537.31",
	"Accept-Encoding":	"gzip,deflate,sdch",
	"Accept-Language":	"zh-CN,zh;q=0.8",
	"Accept-Charset":	"GBK,utf-8;q=0.7,*;q=0.3",
	"header-length":	323
}
20130527 14:04:32.120 INF - do_client_send_header(704): 20130527 14:04:32.120+0, http header is sent
20130527 14:04:32.120 INF - do_client_send_body(656): 20130527 14:04:32.120+0, http body is sent
20130527 14:04:36.107 INF - is_complete_http_header(495): 
GET /all_task HTTP/1.1
Host:www.linkedshell.com:7000
Connection:keep-alive
Cache-Control:no-cache
Pragma:no-cache
Accept:text/html,application/xhtml+xml,application/xml;q=0.9,*/*;q=0.8
User-Agent:Mozilla/5.0 (Windows NT 5.1) AppleWebKit/537.31 (KHTML, like Gecko) Chrome/26.0.1410.64 Safari/537.31
Accept-Encoding:gzip,deflate,sdch
Accept-Language:zh-CN,zh;q=0.8
Accept-Charset:GBK,utf-8;q=0.7,*;q=0.3
Cookie:csrftoken=DJDjWqG3GgHiGs1rZb76isaHXAEauIlZ


20130527 14:04:36.107 INF - is_complete_http_header(510): 
{
	"method":	"GET",
	"cmd":	"/all_task",
	"version":	"HTTP/1.1",
	"first_line":	"GET /all_task HTTP/1.1",
	"Host":	"www.linkedshell.com:7000",
	"Connection":	"keep-alive",
	"Cache-Control":	"no-cache",
	"Pragma":	"no-cache",
	"Accept":	"text/html,application/xhtml+xml,application/xml;q=0.9,*/*;q=0.8",
	"User-Agent":	"Mozilla/5.0 (Windows NT 5.1) AppleWebKit/537.31 (KHTML, like Gecko) Chrome/26.0.1410.64 Safari/537.31",
	"Accept-Encoding":	"gzip,deflate,sdch",
	"Accept-Language":	"zh-CN,zh;q=0.8",
	"Accept-Charset":	"GBK,utf-8;q=0.7,*;q=0.3",
	"Cookie":	"csrftoken=DJDjWqG3GgHiGs1rZb76isaHXAEauIlZ",
	"header-length":	475
}
20130527 14:04:36.108 INF - do_client_send_header(704): 20130527 14:04:36.108+0, http header is sent
20130527 14:04:36.108 INF - do_client_send_body(656): 20130527 14:04:36.108+0, http body is sent
20130527 14:04:36.127 INF - is_complete_http_header(495): 
GET /favicon.ico HTTP/1.1
Host:www.linkedshell.com:7000
Connection:keep-alive
Accept:*/*
User-Agent:Mozilla/5.0 (Windows NT 5.1) AppleWebKit/537.31 (KHTML, like Gecko) Chrome/26.0.1410.64 Safari/537.31
Accept-Encoding:gzip,deflate,sdch
Accept-Language:zh-CN,zh;q=0.8
Accept-Charset:GBK,utf-8;q=0.7,*;q=0.3


20130527 14:04:36.127 INF - is_complete_http_header(510): 
{
	"method":	"GET",
	"cmd":	"/favicon.ico",
	"version":	"HTTP/1.1",
	"first_line":	"GET /favicon.ico HTTP/1.1",
	"Host":	"www.linkedshell.com:7000",
	"Connection":	"keep-alive",
	"Accept":	"*/*",
	"User-Agent":	"Mozilla/5.0 (Windows NT 5.1) AppleWebKit/537.31 (KHTML, like Gecko) Chrome/26.0.1410.64 Safari/537.31",
	"Accept-Encoding":	"gzip,deflate,sdch",
	"Accept-Language":	"zh-CN,zh;q=0.8",
	"Accept-Charset":	"GBK,utf-8;q=0.7,*;q=0.3",
	"header-length":	323
}
20130527 14:04:36.127 INF - do_client_send_header(704): 20130527 14:04:36.127+0, http header is sent
20130527 14:04:36.127 INF - do_client_send_body(656): 20130527 14:04:36.127+0, http body is sent
20130527 14:04:49.330 ERR - business_worker(822): epoll_wait(10000) failed. error(4): Interrupted system call
20130527 14:04:51.454 INF - is_complete_http_header(495): 
GET /all_task HTTP/1.1
Host:www.linkedshell.com:7000
Connection:keep-alive
Cache-Control:max-age=0
Accept:text/html,application/xhtml+xml,application/xml;q=0.9,*/*;q=0.8
User-Agent:Mozilla/5.0 (Windows NT 5.1) AppleWebKit/537.31 (KHTML, like Gecko) Chrome/26.0.1410.64 Safari/537.31
Accept-Encoding:gzip,deflate,sdch
Accept-Language:zh-CN,zh;q=0.8
Accept-Charset:GBK,utf-8;q=0.7,*;q=0.3
Cookie:csrftoken=DJDjWqG3GgHiGs1rZb76isaHXAEauIlZ


20130527 14:04:51.455 INF - is_complete_http_header(510): 
{
	"method":	"GET",
	"cmd":	"/all_task",
	"version":	"HTTP/1.1",
	"first_line":	"GET /all_task HTTP/1.1",
	"Host":	"www.linkedshell.com:7000",
	"Connection":	"keep-alive",
	"Cache-Control":	"max-age=0",
	"Accept":	"text/html,application/xhtml+xml,application/xml;q=0.9,*/*;q=0.8",
	"User-Agent":	"Mozilla/5.0 (Windows NT 5.1) AppleWebKit/537.31 (KHTML, like Gecko) Chrome/26.0.1410.64 Safari/537.31",
	"Accept-Encoding":	"gzip,deflate,sdch",
	"Accept-Language":	"zh-CN,zh;q=0.8",
	"Accept-Charset":	"GBK,utf-8;q=0.7,*;q=0.3",
	"Cookie":	"csrftoken=DJDjWqG3GgHiGs1rZb76isaHXAEauIlZ",
	"header-length":	458
}
20130527 14:05:54.322 INF - do_client_send_header(704): 20130527 14:05:24.503+29819, http header is sent
20130527 14:05:54.322 INF - do_client_send_body(656): 20130527 14:05:24.503+29819, http body is sent
20130527 14:05:54.504 INF - is_complete_http_header(495): 
GET /favicon.ico HTTP/1.1
Host:www.linkedshell.com:7000
Connection:keep-alive
Accept:*/*
User-Agent:Mozilla/5.0 (Windows NT 5.1) AppleWebKit/537.31 (KHTML, like Gecko) Chrome/26.0.1410.64 Safari/537.31
Accept-Encoding:gzip,deflate,sdch
Accept-Language:zh-CN,zh;q=0.8
Accept-Charset:GBK,utf-8;q=0.7,*;q=0.3


20130527 14:05:54.504 INF - is_complete_http_header(510): 
{
	"method":	"GET",
	"cmd":	"/favicon.ico",
	"version":	"HTTP/1.1",
	"first_line":	"GET /favicon.ico HTTP/1.1",
	"Host":	"www.linkedshell.com:7000",
	"Connection":	"keep-alive",
	"Accept":	"*/*",
	"User-Agent":	"Mozilla/5.0 (Windows NT 5.1) AppleWebKit/537.31 (KHTML, like Gecko) Chrome/26.0.1410.64 Safari/537.31",
	"Accept-Encoding":	"gzip,deflate,sdch",
	"Accept-Language":	"zh-CN,zh;q=0.8",
	"Accept-Charset":	"GBK,utf-8;q=0.7,*;q=0.3",
	"header-length":	323
}
20130527 14:05:54.505 INF - do_client_send_header(704): 20130527 14:05:54.505+0, http header is sent
20130527 14:05:54.505 INF - do_client_send_body(656): 20130527 14:05:54.505+0, http body is sent
20130527 14:06:23.694 ERR - set_rlimit(260): setrlimit() failed. error(1): Operation not permitted
20130527 14:06:23.694 INF - set_rlimit(263): getrlimit() 4096 1024 10000
20130527 14:06:23.697 INF - main(869): global.proc_num: 1
20130527 14:06:23.699 INF - business_worker(775): malloc(87130000) memory for 10000 connections
20130527 14:06:23.700 INF - business_worker(794): 0.0.0.0:7000 is listening...
20130527 14:06:42.603 INF - is_complete_http_header(495): 
GET /all_task HTTP/1.1
User-Agent:curl/7.19.7 (x86_64-redhat-linux-gnu) libcurl/7.19.7 NSS/3.13.1.0 zlib/1.2.3 libidn/1.18 libssh2/1.2.2
Host:www.linkedshell.com:7000
Accept:*/*


20130527 14:06:42.603 INF - is_complete_http_header(510): 
{
	"method":	"GET",
	"cmd":	"/all_task",
	"version":	"HTTP/1.1",
	"first_line":	"GET /all_task HTTP/1.1",
	"User-Agent":	"curl/7.19.7 (x86_64-redhat-linux-gnu) libcurl/7.19.7 NSS/3.13.1.0 zlib/1.2.3 libidn/1.18 libssh2/1.2.2",
	"Host":	"www.linkedshell.com:7000",
	"Accept":	"*/*",
	"header-length":	187
}
20130527 14:06:42.603 INF - on_all_task(996): select * from timer_tasks
20130527 14:06:42.604 INF - {"ret_code":0,"ret_msg":"success","task_list":[{"id":"2","mon_title":0,"mon_url":0,"mon_condition":0,"mon_period":"10","mon_lifecycle":"12","dt_create":2013,"dt_last_update":2013,"user_id":"0","is_finish":"0","mon_log":0,"work_url":0,"work_xpath":0},{"id":"3","mon_title":0,"mon_url":0,"mon_condition":0,"mon_period":"10","mon_lifecycle":"12","dt_create":2013,"dt_last_update":2013,"user_id":"0","is_finish":"0","mon_log":0,"work_url":0,"work_xpath":0},{"id":"4","mon_title":0,"mon_url":0,"mon_condition":0,"mon_period":"10","mon_lifecycle":"12","dt_create":2013,"dt_last_update":2013,"user_id":"0","is_finish":"0","mon_log":0,"work_url":0,"work_xpath":0},{"id":"5","mon_title":0,"mon_url":0,"mon_condition":0,"mon_period":"10","mon_lifecycle":"12","dt_create":2013,"dt_last_update":2013,"user_id":"0","is_finish":"1","mon_log":0,"work_url":0,"work_xpath":0},{"id":"6","mon_title":132,"mon_url":0,"mon_condition":0,"mon_period":"10","mon_lifecycle":"20","dt_create":2013,"dt_last_update":2013,"user_id":"0","is_finish":"0","mon_log":0,"work_url":0,"work_xpath":0},{"id":"7","mon_title":0,"mon_url":0,"mon_condition":0,"mon_period":"10","mon_lifecycle":"20","dt_create":2013,"dt_last_update":2013,"user_id":"0","is_finish":"0","mon_log":0,"work_url":0,"work_xpath":0},{"id":"8","mon_title":0,"mon_url":0,"mon_condition":0,"mon_period":"10","mon_lifecycle":"20","dt_create":2013,"dt_last_update":2013,"user_id":"0","is_finish":"0","mon_log":0,"work_url":0,"work_xpath":0},{"id":"9","mon_title":0,"mon_url":0,"mon_condition":0,"mon_period":"10","mon_lifecycle":"1982","dt_create":2013,"dt_last_update":2013,"user_id":"0","is_finish":"0","mon_log":0,"work_url":0,"work_xpath":0},{"id":"10","mon_title":0,"mon_url":0,"mon_condition":0,"mon_period":"12","mon_lifecycle":"1982","dt_create":2013,"dt_last_update":2013,"user_id":"0","is_finish":"0","mon_log":0,"work_url":0,"work_xpath":0},{"id":"11","mon_title":0,"mon_url":0,"mon_condition":0,"mon_period":"12","mon_lifecycle":"1982","dt_create":2013,"dt_last_update":2013,"user_id":"0","is_finish":"0","mon_log":0,"work_url":0,"work_xpath":0},{"id":"12","mon_title":0,"mon_url":0,"mon_condition":0,"mon_period":"12","mon_lifecycle":"1982","dt_create":2013,"dt_last_update":2013,"user_id":"0","is_finish":"0","mon_log":0,"work_url":0,"work_xpath":0}]}
20130527 14:08:33.131 ERR - set_rlimit(260): setrlimit() failed. error(1): Operation not permitted
20130527 14:08:33.131 INF - set_rlimit(263): getrlimit() 4096 1024 10000
20130527 14:08:33.133 INF - main(869): global.proc_num: 1
20130527 14:08:33.135 INF - business_worker(775): malloc(87130000) memory for 10000 connections
20130527 14:08:33.136 INF - business_worker(794): 0.0.0.0:7000 is listening...
20130527 14:09:01.562 ERR - business_worker(822): epoll_wait(10000) failed. error(4): Interrupted system call
20130527 14:09:10.084 INF - is_complete_http_header(495): 
GET /all_task HTTP/1.1
User-Agent:curl/7.19.7 (x86_64-redhat-linux-gnu) libcurl/7.19.7 NSS/3.13.1.0 zlib/1.2.3 libidn/1.18 libssh2/1.2.2
Host:www.linkedshell.com:7000
Accept:*/*


20130527 14:09:10.084 INF - is_complete_http_header(510): 
{
	"method":	"GET",
	"cmd":	"/all_task",
	"version":	"HTTP/1.1",
	"first_line":	"GET /all_task HTTP/1.1",
	"User-Agent":	"curl/7.19.7 (x86_64-redhat-linux-gnu) libcurl/7.19.7 NSS/3.13.1.0 zlib/1.2.3 libidn/1.18 libssh2/1.2.2",
	"Host":	"www.linkedshell.com:7000",
	"Accept":	"*/*",
	"header-length":	187
}
20130527 14:09:14.869 INF - on_all_task(996): select * from timer_tasks
20130527 14:10:14.473 INF - {"ret_code":0,"ret_msg":"success","task_list":[{"id":"2","mon_title":0,"mon_url":0,"mon_condition":0,"mon_period":"10","mon_lifecycle":"12","dt_create":2013,"dt_last_update":2013,"user_id":"0","is_finish":"0","mon_log":0,"work_url":0,"work_xpath":0},{"id":"3","mon_title":0,"mon_url":0,"mon_condition":0,"mon_period":"10","mon_lifecycle":"12","dt_create":2013,"dt_last_update":2013,"user_id":"0","is_finish":"0","mon_log":0,"work_url":0,"work_xpath":0},{"id":"4","mon_title":0,"mon_url":0,"mon_condition":0,"mon_period":"10","mon_lifecycle":"12","dt_create":2013,"dt_last_update":2013,"user_id":"0","is_finish":"0","mon_log":0,"work_url":0,"work_xpath":0},{"id":"5","mon_title":0,"mon_url":0,"mon_condition":0,"mon_period":"10","mon_lifecycle":"12","dt_create":2013,"dt_last_update":2013,"user_id":"0","is_finish":"1","mon_log":0,"work_url":0,"work_xpath":0},{"id":"6","mon_title":132,"mon_url":0,"mon_condition":0,"mon_period":"10","mon_lifecycle":"20","dt_create":2013,"dt_last_update":2013,"user_id":"0","is_finish":"0","mon_log":0,"work_url":0,"work_xpath":0},{"id":"7","mon_title":0,"mon_url":0,"mon_condition":0,"mon_period":"10","mon_lifecycle":"20","dt_create":2013,"dt_last_update":2013,"user_id":"0","is_finish":"0","mon_log":0,"work_url":0,"work_xpath":0},{"id":"8","mon_title":0,"mon_url":0,"mon_condition":0,"mon_period":"10","mon_lifecycle":"20","dt_create":2013,"dt_last_update":2013,"user_id":"0","is_finish":"0","mon_log":0,"work_url":0,"work_xpath":0},{"id":"9","mon_title":0,"mon_url":0,"mon_condition":0,"mon_period":"10","mon_lifecycle":"1982","dt_create":2013,"dt_last_update":2013,"user_id":"0","is_finish":"0","mon_log":0,"work_url":0,"work_xpath":0},{"id":"10","mon_title":0,"mon_url":0,"mon_condition":0,"mon_period":"12","mon_lifecycle":"1982","dt_create":2013,"dt_last_update":2013,"user_id":"0","is_finish":"0","mon_log":0,"work_url":0,"work_xpath":0},{"id":"11","mon_title":0,"mon_url":0,"mon_condition":0,"mon_period":"12","mon_lifecycle":"1982","dt_create":2013,"dt_last_update":2013,"user_id":"0","is_finish":"0","mon_log":0,"work_url":0,"work_xpath":0},{"id":"12","mon_title":0,"mon_url":0,"mon_condition":0,"mon_period":"12","mon_lifecycle":"1982","dt_create":2013,"dt_last_update":2013,"user_id":"0","is_finish":"0","mon_log":0,"work_url":0,"work_xpath":0}]}
20130527 14:10:58.560 ERR - set_rlimit(260): setrlimit() failed. error(1): Operation not permitted
20130527 14:10:58.560 INF - set_rlimit(263): getrlimit() 4096 1024 10000
20130527 14:10:58.562 INF - main(869): global.proc_num: 1
20130527 14:10:58.564 INF - business_worker(775): malloc(87130000) memory for 10000 connections
20130527 14:10:58.565 INF - business_worker(794): 0.0.0.0:7000 is listening...
20130527 14:11:09.662 ERR - business_worker(822): epoll_wait(10000) failed. error(4): Interrupted system call
20130527 14:11:12.489 INF - is_complete_http_header(495): 
GET /all_task HTTP/1.1
User-Agent:curl/7.19.7 (x86_64-redhat-linux-gnu) libcurl/7.19.7 NSS/3.13.1.0 zlib/1.2.3 libidn/1.18 libssh2/1.2.2
Host:www.linkedshell.com:7000
Accept:*/*


20130527 14:11:12.490 INF - is_complete_http_header(510): 
{
	"method":	"GET",
	"cmd":	"/all_task",
	"version":	"HTTP/1.1",
	"first_line":	"GET /all_task HTTP/1.1",
	"User-Agent":	"curl/7.19.7 (x86_64-redhat-linux-gnu) libcurl/7.19.7 NSS/3.13.1.0 zlib/1.2.3 libidn/1.18 libssh2/1.2.2",
	"Host":	"www.linkedshell.com:7000",
	"Accept":	"*/*",
	"header-length":	187
}
20130527 14:11:16.091 INF - on_all_task(996): select * from timer_tasks
20130527 14:12:10.968 INF - {"ret_code":0,"ret_msg":"success","task_list":[{"id":2,"mon_title":"测试","mon_url":"http://www.maizuo.com","mon_condition":"价格低于30","mon_period":10,"mon_lifecycle":12,"dt_create":"2013-05-22 13:55:42","dt_last_update":"2013-05-22 13:55:42","user_id":0,"is_finish":0,"mon_log":"","work_url":"","work_xpath":""},{"id":3,"mon_title":"测试","mon_url":"http://www.maizuo.com","mon_condition":"价格低于30","mon_period":10,"mon_lifecycle":12,"dt_create":"2013-05-22 13:55:45","dt_last_update":"2013-05-22 13:55:45","user_id":0,"is_finish":0,"mon_log":"","work_url":"","work_xpath":""},{"id":4,"mon_title":"测试","mon_url":"http://www.maizuo.com","mon_condition":"价格低于30","mon_period":10,"mon_lifecycle":12,"dt_create":"2013-05-22 13:55:46","dt_last_update":"2013-05-22 13:55:46","user_id":0,"is_finish":0,"mon_log":"","work_url":"","work_xpath":""},{"id":5,"mon_title":"测试","mon_url":"http://www.maizuo.com","mon_condition":"价格低于30","mon_period":10,"mon_lifecycle":12,"dt_create":"2013-05-22 13:55:47","dt_last_update":"2013-05-22 13:55:47","user_id":0,"is_finish":1,"mon_log":"","work_url":"","work_xpath":""},{"id":6,"mon_title":"132","mon_url":"http://www.cnblogs.com/zengmiaogen/archive/2012/04/15/2450416.html","mon_condition":"测试","mon_period":10,"mon_lifecycle":20,"dt_create":"2013-05-23 00:31:07","dt_last_update":"2013-05-23 00:31:07","user_id":0,"is_finish":0,"mon_log":"","work_url":"","work_xpath":""},{"id":7,"mon_title":"AEE","mon_url":"http://www.cnblogs.com/zengmiaogen/archive/2012/04/15/2450416.html","mon_condition":"测试","mon_period":10,"mon_lifecycle":20,"dt_create":"2013-05-23 00:32:40","dt_last_update":"2013-05-23 00:32:40","user_id":0,"is_finish":0,"mon_log":"","work_url":"","work_xpath":""},{"id":8,"mon_title":"FDFDFD","mon_url":"http://www.cnblogs.com/zengmiaogen/archive/2012/04/15/2450416.html","mon_condition":"测试","mon_period":10,"mon_lifecycle":20,"dt_create":"2013-05-23 00:32:47","dt_last_update":"2013-05-23 00:32:47","user_id":0,"is_finish":0,"mon_log":"","work_url":"","work_xpath":""},{"id":9,"mon_title":"aa1","mon_url":"http://www.maizuo.com","mon_condition":"price < 70","mon_period":10,"mon_lifecycle":1982,"dt_create":"2013-05-26 22:18:17","dt_last_update":"2013-05-26 22:18:17","user_id":0,"is_finish":0,"mon_log":"","work_url":"","work_xpath":""},{"id":10,"mon_title":"aa2","mon_url":"http://open.weibo.com/ajaxlogin.php?framelogin=1&callback=parent.sinaSSOController.feedBackUrlCallBack","mon_condition":"price < 80","mon_period":12,"mon_lifecycle":1982,"dt_create":"2013-05-26 22:23:42","dt_last_update":"2013-05-26 22:23:42","user_id":0,"is_finish":0,"mon_log":"","work_url":"","work_xpath":""},{"id":11,"mon_title":"测试2","mon_url":"http://open.weibo.com/ajaxlogin.php?framelogin=1&callback=parent.sinaSSOController.feedBackUrlCallBack","mon_condition":"price < 80","mon_period":12,"mon_lifecycle":1982,"dt_create":"2013-05-26 22:24:12","dt_last_update":"2013-05-26 22:24:12","user_id":0,"is_finish":0,"mon_log":"","work_url":"","work_xpath":""},{"id":12,"mon_title":"测试2","mon_url":"http://open.weibo.com/ajaxlogin.php?framelogin=1&callback=parent.sinaSSOController.feedBackUrlCallBack","mon_condition":"price < 80","mon_period":12,"mon_lifecycle":1982,"dt_create":"2013-05-26 22:33:03","dt_last_update":"2013-05-26 22:33:03","user_id":0,"is_finish":0,"mon_log":"","work_url":"","work_xpath":""}]}
